<?xml version="1.0" encoding="UTF-8"?>
<testsuite xmlns:xsi="http://www.w3.org/2001/XMLSchema-instance" xsi:noNamespaceSchemaLocation="https://maven.apache.org/surefire/maven-surefire-plugin/xsd/surefire-test-report-3.0.xsd" version="3.0" name="TestSuite" time="11.561" tests="6" errors="0" skipped="0" failures="0">
  <properties>
[...]
</properties>
  <testcase name="addToCartTest" classname="tests.End2EndFlow" time="1.392"/>
  <testcase name="getProducts" classname="tests.End2EndFlow" time="1.461"/>
  <testcase name="testCreateCart" classname="tests.End2EndFlow" time="1.162"/>
  <testcase name="testViewCart" classname="tests.End2EndFlow" time="1.179"/>
  <testcase name="testProductDetails" classname="tests.End2EndFlow" time="1.204"/>
  <testcase name="testDeleteItem" classname="tests.End2EndFlow" time="1.635"/>
</testsuite>